<?xml version="1.0" encoding="UTF-8"?>
<testsuite xmlns:xsi="http://www.w3.org/2001/XMLSchema-instance" xsi:noNamespaceSchemaLocation="https://maven.apache.org/surefire/maven-surefire-plugin/xsd/surefire-test-report-3.0.xsd" version="3.0" name="com.example.app.PipelineTest" time="26.25" tests="1" errors="0" skipped="0" failures="0">
  <properties>
[...]
</properties>
  <testcase name="endToEnd" classname="com.example.app.PipelineTest" time="4.455">
    <system-out><![CDATA[2025-12-23 12:06:33,856 INFO  [org.tes.ima.PullPolicy] (pool-3-thread-1) Image pull policy will be performed by: DefaultPullPolicy()
2025-12-23 12:06:33,860 INFO  [org.tes.uti.ImageNameSubstitutor] (pool-3-thread-1) Image name substitution will be performed by: DefaultImageNameSubstitutor (composite of 'ConfigurationFileImageNameSubstitutor' and 'PrefixingImageNameSubstitutor')
2025-12-23 12:06:34,021 INFO  [org.tes.doc.DockerClientProviderStrategy] (pool-3-thread-1) Loaded org.testcontainers.dockerclient.UnixSocketClientProviderStrategy from ~/.testcontainers.properties, will try it first
2025-12-23 12:06:34,253 INFO  [org.tes.doc.DockerClientProviderStrategy] (pool-3-thread-1) Found Docker environment with Docker accessed via Unix socket (/Users/wewer/.docker/run/docker.sock)
2025-12-23 12:06:34,261 INFO  [org.tes.DockerClientFactory] (pool-3-thread-1) Docker host IP address is localhost
2025-12-23 12:06:34,277 INFO  [org.tes.DockerClientFactory] (pool-3-thread-1) Connected to docker: 
  Server Version: 28.1.1
  API Version: 1.49
  Operating System: Docker Desktop
  Total Memory: 31841 MB
2025-12-23 12:06:34,341 INFO  [tc.tes.7.0] (pool-3-thread-1) Creating container for image: testcontainers/ryuk:0.7.0
2025-12-23 12:06:34,549 INFO  [org.tes.uti.RegistryAuthLocator] (pool-3-thread-1) Credential helper/store (docker-credential-desktop) does not have credentials for https://index.docker.io/v1/
2025-12-23 12:06:34,626 INFO  [tc.tes.7.0] (pool-3-thread-1) Container testcontainers/ryuk:0.7.0 is starting: 860cdf8fcacfa55d231305068860701d9d0a4ffc38b605494d3d0d4c6615f63b
2025-12-23 12:06:34,881 INFO  [tc.tes.7.0] (pool-3-thread-1) Container testcontainers/ryuk:0.7.0 started in PT0.539202S
2025-12-23 12:06:34,892 INFO  [org.tes.uti.RyukResourceReaper] (pool-3-thread-1) Ryuk started - will monitor and terminate Testcontainers containers on JVM exit
2025-12-23 12:06:34,892 INFO  [org.tes.DockerClientFactory] (pool-3-thread-1) Checking the system...
2025-12-23 12:06:34,893 INFO  [org.tes.DockerClientFactory] (pool-3-thread-1) ✔︎ Docker server version should be at least 1.6.0
2025-12-23 12:06:34,893 INFO  [tc.con.5.2] (pool-3-thread-1) Creating container for image: confluentinc/cp-kafka:7.5.2
2025-12-23 12:06:34,939 INFO  [tc.con.5.2] (pool-3-thread-1) Container confluentinc/cp-kafka:7.5.2 is starting: c8494b204e13acaab9c61cefbd10437c3b121b726029a9da7c65554ab0b6bb8c
2025-12-23 12:06:39,411 INFO  [tc.con.5.2] (pool-3-thread-1) Container confluentinc/cp-kafka:7.5.2 started in PT4.518297S
2025-12-23 12:06:39,412 INFO  [tc.loc.6] (pool-3-thread-1) LOCALSTACK_HOST environment variable set to localhost (to match host-routable address for container)
2025-12-23 12:06:39,413 INFO  [tc.loc.6] (pool-3-thread-1) Creating container for image: localstack/localstack:3.6
2025-12-23 12:06:39,745 INFO  [tc.loc.6] (pool-3-thread-1) Container localstack/localstack:3.6 is starting: c5e94dd17155ee6eddb4982d9d08328e25554c2ae7f545203f598c0baf2aad4f
2025-12-23 12:06:42,044 INFO  [tc.loc.6] (pool-3-thread-1) Container localstack/localstack:3.6 started in PT2.630768S
2025-12-23 12:06:42,044 INFO  [tc.gvenzl/oracle-xe:21-slim] (pool-3-thread-1) Creating container for image: gvenzl/oracle-xe:21-slim
2025-12-23 12:06:42,072 INFO  [tc.gvenzl/oracle-xe:21-slim] (pool-3-thread-1) Container gvenzl/oracle-xe:21-slim is starting: 402705f936f33ad7633b94a3c27fc148691ed423923c04a3946131284a0dbc31
2025-12-23 12:06:49,418 INFO  [tc.gvenzl/oracle-xe:21-slim] (pool-3-thread-1) Container gvenzl/oracle-xe:21-slim started in PT7.373868S
2025-12-23 12:06:49,418 INFO  [tc.gvenzl/oracle-xe:21-slim] (pool-3-thread-1) Container is started (JDBC URL: jdbc:oracle:thin:@localhost:51198/xepdb1)
2025-12-23 12:06:50,377 WARN  [org.apa.kaf.cli.NetworkClient] (smallrye-kafka-consumer-thread-0) [Consumer clientId=kafka-consumer-names-in, groupId=quarkus-s3-kafka-oracle] Error while fetching metadata with correlation id 2 : {names-in=LEADER_NOT_AVAILABLE}
2025-12-23 12:06:50,522 WARN  [org.apa.kaf.cli.NetworkClient] (smallrye-kafka-consumer-thread-0) [Consumer clientId=kafka-consumer-names-in, groupId=quarkus-s3-kafka-oracle] Error while fetching metadata with correlation id 5 : {names-in=LEADER_NOT_AVAILABLE}
2025-12-23 12:06:50,635 INFO  [org.tes.ima.PullPolicy] (main) Image pull policy will be performed by: DefaultPullPolicy()
2025-12-23 12:06:50,637 INFO  [org.tes.uti.ImageNameSubstitutor] (main) Image name substitution will be performed by: DefaultImageNameSubstitutor (composite of 'ConfigurationFileImageNameSubstitutor' and 'PrefixingImageNameSubstitutor')
2025-12-23 12:06:50,814 INFO  [org.tes.doc.DockerClientProviderStrategy] (main) Loaded org.testcontainers.dockerclient.UnixSocketClientProviderStrategy from ~/.testcontainers.properties, will try it first
2025-12-23 12:06:51,028 INFO  [org.tes.doc.DockerClientProviderStrategy] (main) Found Docker environment with Docker accessed via Unix socket (/Users/wewer/.docker/run/docker.sock)
2025-12-23 12:06:51,155 WARN  [org.apa.kaf.cli.NetworkClient] (main) [Consumer clientId=consumer-test-8df0e380-8cbe-4b70-aa35-8cefe4687e24-1, groupId=test-8df0e380-8cbe-4b70-aa35-8cefe4687e24] Error while fetching metadata with correlation id 2 : {names-out=LEADER_NOT_AVAILABLE}
]]></system-out>
    <system-err><![CDATA[Dez. 23, 2025 12:06:32 PM org.jboss.logmanager.JBossLoggerFinder getLogger
ERROR: The LogManager accessed before the "java.util.logging.manager" system property was set to "org.jboss.logmanager.LogManager". Results may be unexpected.
Dez. 23, 2025 12:06:49 PM io.smallrye.reactive.messaging.kafka.impl.KafkaSource <init>
INFO: SRMSG18229: Configured topics for channel 'names-in': [names-in]
Dez. 23, 2025 12:06:49 PM io.smallrye.reactive.messaging.kafka.impl.ReactiveKafkaConsumer getKafkaConsumerConfiguration
INFO: SRMSG18214: Key deserializer omitted, using String as default
Dez. 23, 2025 12:06:50 PM io.smallrye.reactive.messaging.kafka.impl.KafkaSink lambda$new$0
INFO: SRMSG18258: Kafka producer kafka-producer-names-out, connected to Kafka brokers 'PLAINTEXT://localhost:51191', is configured to write records to 'names-out'
Dez. 23, 2025 12:06:50 PM io.smallrye.reactive.messaging.kafka.impl.KafkaSource lambda$new$2
INFO: SRMSG18257: Kafka consumer kafka-consumer-names-in, connected to Kafka brokers 'PLAINTEXT://localhost:51191', belongs to the 'quarkus-s3-kafka-oracle' consumer group and is configured to poll records from [names-in]
Dez. 23, 2025 12:06:50 PM io.quarkus.bootstrap.runner.Timing printStartupTime
INFO: quarkus-s3-kafka-oracle 1.0.0-SNAPSHOT on JVM (powered by Quarkus 3.11.1) started in 18.430s. 
Dez. 23, 2025 12:06:50 PM io.quarkus.bootstrap.runner.Timing printStartupTime
INFO: Profile test activated. 
Dez. 23, 2025 12:06:50 PM io.quarkus.bootstrap.runner.Timing printStartupTime
INFO: Installed features: [agroal, cdi, jdbc-oracle, kafka-client, messaging, messaging-kafka, narayana-jta, smallrye-context-propagation, vertx]
Dez. 23, 2025 12:06:52 PM io.smallrye.reactive.messaging.kafka.commit.KafkaThrottledLatestProcessedCommit$OffsetStore <init>
INFO: SRMSG18256: Initialize record store for topic-partition 'names-in-0' at position -1.
]]></system-err>
  </testcase>
</testsuite>